<?xml version="1.0" encoding="UTF-8"?><testsuite errors="0" failures="1" name="uTest" skipped="0" tests="1" time="23.51" timestamp="2022-10-14 10:56:10"><testcase name="Sign up for uTest"><failure message="Expected enabled element was not enabled" type="net.thucydides.core.webdriver.exceptions.ElementShouldBeEnabledException">Expected enabled element was not enabled</failure><system-err>Expected enabled element was not enabled&#13;
com.utest.tasks.Login.performAs(Login.java:19)&#13;
com.utest.stepdefinitions.UtestStepDefinitions.thanUserWantsToRegisterInUtest(UtestStepDefinitions.java:21)&#13;
cucumber.runner.Runner.runPickle(Runner.java:80)&#13;
</system-err></testcase></testsuite>